{"level":"INFO","message":"[6:51:13.548 PM]: Creating new connection object"}
{"level":"INFO","message":"[6:51:13.562 PM]: Creating Connection[id: 396d123d-ae4b-43dd-85d3-885436043a28] with host: YOUR_ACCOUNT_IDENTIFIER.snowflakecomputing.com, account: YOUR_ACCOUNT_IDENTIFIER, accessUrl: https://YOUR_ACCOUNT_IDENTIFIER.snowflakecomputing.com, user: YOUR_USERNAME, role: undefined, database: YOUR_DATABASE, schema: YOUR_SCHEMA, warehouse: YOUR_WAREHOUSE, proxy was not configured, password is provided, region: undefined, authenticator: SNOWFLAKE, ocsp mode: FAIL_OPEN, os: linux, os version: 6.8.0-1030-azure"}
{"level":"INFO","message":"[6:51:13.563 PM]: Connection[id: 396d123d-ae4b-43dd-85d3-885436043a28] additional details: passcode in password is provided, passcode is not provided, private key is not provided, application: undefined, client name: snowflake-sdk, client version: 2.3.1, retry timeout: 300, private key path: undefined, private key pass is not provided, client store temporary credential: false, browser response timeout: 120000"}
{"level":"INFO","message":"[6:51:13.563 PM]: Connection[id: 396d123d-ae4b-43dd-85d3-885436043a28] - connection object created successfully."}
{"level":"INFO","message":"[6:51:13.564 PM]: Connection[id: 396d123d-ae4b-43dd-85d3-885436043a28] - connecting. Associated Snowflake domain: GLOBAL"}
{"level":"INFO","message":"[6:51:13.566 PM]: Connection[id: 396d123d-ae4b-43dd-85d3-885436043a28] - authentication successful using: SNOWFLAKE"}
{"level":"INFO","message":"[6:51:13.566 PM]: Trying to initialize Easy Logging"}
{"level":"INFO","message":"[6:51:13.569 PM]: No client config detected."}
{"level":"INFO","message":"[6:51:13.570 PM]: No config file path found. Client config will not be used."}
{"level":"INFO","message":"[6:51:13.571 PM]: Easy Logging is disabled as no config has been found"}
{"level":"INFO","message":"[6:51:13.577 PM]: Connection[id: 396d123d-ae4b-43dd-85d3-885436043a28] - connected successfully after 12.64 milliseconds"}
{"level":"INFO","message":"[6:52:14.996 PM]: Creating new connection object"}
{"level":"INFO","message":"[6:52:15.012 PM]: Creating Connection[id: 73625c3e-35c4-494d-9834-24ef319d4cc8] with host: YOUR_ACCOUNT_IDENTIFIER.snowflakecomputing.com, account: YOUR_ACCOUNT_IDENTIFIER, accessUrl: https://YOUR_ACCOUNT_IDENTIFIER.snowflakecomputing.com, user: YOUR_USERNAME, role: undefined, database: YOUR_DATABASE, schema: YOUR_SCHEMA, warehouse: YOUR_WAREHOUSE, proxy was not configured, password is provided, region: undefined, authenticator: SNOWFLAKE, ocsp mode: FAIL_OPEN, os: linux, os version: 6.8.0-1030-azure"}
{"level":"INFO","message":"[6:52:15.013 PM]: Connection[id: 73625c3e-35c4-494d-9834-24ef319d4cc8] additional details: passcode in password is provided, passcode is not provided, private key is not provided, application: undefined, client name: snowflake-sdk, client version: 2.3.1, retry timeout: 300, private key path: undefined, private key pass is not provided, client store temporary credential: false, browser response timeout: 120000"}
{"level":"INFO","message":"[6:52:15.013 PM]: Connection[id: 73625c3e-35c4-494d-9834-24ef319d4cc8] - connection object created successfully."}
{"level":"INFO","message":"[6:52:15.014 PM]: Connection[id: 73625c3e-35c4-494d-9834-24ef319d4cc8] - connecting. Associated Snowflake domain: GLOBAL"}
{"level":"INFO","message":"[6:52:15.024 PM]: Connection[id: 73625c3e-35c4-494d-9834-24ef319d4cc8] - authentication successful using: SNOWFLAKE"}
{"level":"INFO","message":"[6:52:15.025 PM]: Trying to initialize Easy Logging"}
{"level":"INFO","message":"[6:52:15.038 PM]: No client config detected."}
{"level":"INFO","message":"[6:52:15.038 PM]: No config file path found. Client config will not be used."}
{"level":"INFO","message":"[6:52:15.039 PM]: Easy Logging is disabled as no config has been found"}
{"level":"INFO","message":"[6:52:15.046 PM]: Connection[id: 73625c3e-35c4-494d-9834-24ef319d4cc8] - connected successfully after 32.01 milliseconds"}
{"level":"INFO","message":"[6:54:22.116 PM]: Creating new connection object"}
{"level":"INFO","message":"[6:54:22.126 PM]: Creating Connection[id: 025fbad1-6567-45d4-a5f5-b2c12da4fa81] with host: YOUR_ACCOUNT_IDENTIFIER.snowflakecomputing.com, account: YOUR_ACCOUNT_IDENTIFIER, accessUrl: https://YOUR_ACCOUNT_IDENTIFIER.snowflakecomputing.com, user: YOUR_USERNAME, role: undefined, database: YOUR_DATABASE, schema: YOUR_SCHEMA, warehouse: YOUR_WAREHOUSE, proxy was not configured, password is provided, region: undefined, authenticator: SNOWFLAKE, ocsp mode: FAIL_OPEN, os: linux, os version: 6.8.0-1030-azure"}
{"level":"INFO","message":"[6:54:22.127 PM]: Connection[id: 025fbad1-6567-45d4-a5f5-b2c12da4fa81] additional details: passcode in password is provided, passcode is not provided, private key is not provided, application: undefined, client name: snowflake-sdk, client version: 2.3.1, retry timeout: 300, private key path: undefined, private key pass is not provided, client store temporary credential: false, browser response timeout: 120000"}
{"level":"INFO","message":"[6:54:22.127 PM]: Connection[id: 025fbad1-6567-45d4-a5f5-b2c12da4fa81] - connection object created successfully."}
{"level":"INFO","message":"[6:54:22.128 PM]: Connection[id: 025fbad1-6567-45d4-a5f5-b2c12da4fa81] - connecting. Associated Snowflake domain: GLOBAL"}
{"level":"INFO","message":"[6:54:22.135 PM]: Connection[id: 025fbad1-6567-45d4-a5f5-b2c12da4fa81] - authentication successful using: SNOWFLAKE"}
{"level":"INFO","message":"[6:54:22.136 PM]: Trying to initialize Easy Logging"}
{"level":"INFO","message":"[6:54:22.146 PM]: No client config detected."}
{"level":"INFO","message":"[6:54:22.146 PM]: No config file path found. Client config will not be used."}
{"level":"INFO","message":"[6:54:22.149 PM]: Easy Logging is disabled as no config has been found"}
{"level":"INFO","message":"[6:54:22.159 PM]: Connection[id: 025fbad1-6567-45d4-a5f5-b2c12da4fa81] - connected successfully after 30.86 milliseconds"}
{"level":"INFO","message":"[6:55:57.17Chat95 PM]: Connection[id: daacac4c-ba9c-4005-a2c7-fdba865e22b4] - connecting. Associated Snowflake domain: GLOBAL"}
{"level":"INFO","message":"[6:55:57.202 PM]: Connection[id: daacac4c-ba9c-4005-a2c7-fdba865e22b4] - authentication successful using: SNOWFLAKE"}
{"level":"INFO","message":"[6:55:57.203 PM]: Trying to initialize Easy Logging"}
{"level":"INFO","message":"[6:55:57.210 PM]: No client config detected."}
{"level":"INFO","message":"[6:55:57.211 PM]: No config file path found. Client config will not be used."}
{"level":"INFO","message":"[6:55:57.212 PM]: Easy Logging is disabled as no config has been found"}
{"level":"INFO","message":"[6:55:57.217 PM]: Connection[id: daacac4c-ba9c-4005-a2c7-fdba865e22b4] - connected successfully after 21.85 milliseconds"}
